<?xml version="1.0" ?>
<testsuites errors="0" failures="2" name="ABLUnit" tests="2"><testsuite name="D:/cln/Test/tests/testcase.p" tests="2" time="3.698"><testcase name="GetSuppInvoiceApprovalDataApprove" status="Failure" time="2.784"><failure message="Expected: approved but was: ">Equals OpenEdge.Core.Assert at line 100  (OpenEdge/Core/Assert.r)
GetSuppInvoiceApprovalDataApprove D:/cln/Test/tests/testcase.p at line 884  (D:\cln\Test\tests\testcase.r)
RunTestProc OpenEdge.ABLUnit.Reflection.ProcedureAnnotationInfo at line 125  (OpenEdge/ABLUnit/Reflection/ProcedureAnnotationInfo.r)
RunSelectedTestProc OpenEdge.ABLUnit.Reflection.ProcedureAnnotationInfo at line 146  (OpenEdge/ABLUnit/Reflection/ProcedureAnnotationInfo.r)
runTestProcedure OpenEdge.ABLUnit.Runner.ABLRunner at line 1191  (OpenEdge/ABLUnit/Runner/ABLRunner.r)
runtests OpenEdge.ABLUnit.Runner.ABLRunner at line 1075  (OpenEdge/ABLUnit/Runner/ABLRunner.r)
runtests OpenEdge.ABLUnit.Runner.ABLRunner at line 1011  (OpenEdge/ABLUnit/Runner/ABLRunner.r)
runtests OpenEdge.ABLUnit.Runner.ABLRunner at line 1098  (OpenEdge/ABLUnit/Runner/ABLRunner.r)
runtests OpenEdge.ABLUnit.Runner.ABLRunner at line 1011  (OpenEdge/ABLUnit/Runner/ABLRunner.r)
RunTests OpenEdge.ABLUnit.Runner.ABLRunner at line 150  (OpenEdge/ABLUnit/Runner/ABLRunner.r)
ABLUnitCore.r at line 72  (ABLUnitCore.r)</failure></testcase><testcase name="GetSuppInvoiceApprovalDataReject" status="Failure" time=".895"><failure message="Expected: beforeapproval but was: denied1">Equals OpenEdge.Core.Assert at line 100  (OpenEdge/Core/Assert.r)
GetSuppInvoiceApprovalDataReject D:/cln/Test/tests/testcase.p at line 942  (D:\cln\Test\tests\testcase.r)
RunTestProc OpenEdge.ABLUnit.Reflection.ProcedureAnnotationInfo at line 125  (OpenEdge/ABLUnit/Reflection/ProcedureAnnotationInfo.r)
RunSelectedTestProc OpenEdge.ABLUnit.Reflection.ProcedureAnnotationInfo at line 146  (OpenEdge/ABLUnit/Reflection/ProcedureAnnotationInfo.r)
runTestProcedure OpenEdge.ABLUnit.Runner.ABLRunner at line 1191  (OpenEdge/ABLUnit/Runner/ABLRunner.r)
runtests OpenEdge.ABLUnit.Runner.ABLRunner at line 1075  (OpenEdge/ABLUnit/Runner/ABLRunner.r)
runtests OpenEdge.ABLUnit.Runner.ABLRunner at line 1011  (OpenEdge/ABLUnit/Runner/ABLRunner.r)
runtests OpenEdge.ABLUnit.Runner.ABLRunner at line 1098  (OpenEdge/ABLUnit/Runner/ABLRunner.r)
runtests OpenEdge.ABLUnit.Runner.ABLRunner at line 1011  (OpenEdge/ABLUnit/Runner/ABLRunner.r)
RunTests OpenEdge.ABLUnit.Runner.ABLRunner at line 150  (OpenEdge/ABLUnit/Runner/ABLRunner.r)
ABLUnitCore.r at line 72  (ABLUnitCore.r)</failure></testcase></testsuite></testsuites>